<?xml version="1.0" encoding="UTF-8"?>
<!-- Generated by org.testng.reporters.JUnitXMLReporter -->
<testsuite ignored="1" hostname="LAPTOP-ANLS2VPG" failures="0" tests="2" name="smoke" time="0.059" errors="0" timestamp="2020-05-12T16:59:45 EDT">
  <testcase classname="testng.groupclass" name="testCase2" time="0.01"/>
  <testcase classname="testng.groupclass" name="testCase3" time="0.001"/>
  <testcase classname="testng.groupclass" name="testCase1" time="0.0">
    <ignored/>
  </testcase> <!-- testCase1 -->
</testsuite> <!-- smoke -->
