<?xml version="1.0" encoding="UTF-8"?>
<!-- Generated by org.testng.reporters.JUnitXMLReporter -->
<testsuite ignored="0" hostname="LAPTOP-ANLS2VPG" failures="0" tests="3" name="Default test" time="0.071" errors="0" timestamp="2020-09-08T14:40:53 EDT">
  <testcase classname="testng.TestngExample1" name="addEmployee" time="0.012"/>
  <testcase classname="testng.TestngExample1" name="login" time="0.002"/>
  <testcase classname="testng.TestngExample1" name="logout" time="0.002"/>
</testsuite> <!-- Default test -->
