<?xml version="1.0" encoding="UTF-8"?>
<testng-results ignored="0" total="3" passed="3" failed="0" skipped="0">
  <reporter-output>
  </reporter-output>
  <suite started-at="2020-09-08T14:40:53 EDT" name="Default suite" finished-at="2020-09-08T14:40:53 EDT" duration-ms="71">
    <groups>
    </groups>
    <test started-at="2020-09-08T14:40:53 EDT" name="Default test" finished-at="2020-09-08T14:40:53 EDT" duration-ms="71">
      <class name="testng.TestngExample1">
        <test-method signature="addEmployee()[pri:0, instance:testng.TestngExample1@6a2f6f80]" started-at="2020-09-08T14:40:53 EDT" name="addEmployee" finished-at="2020-09-08T14:40:53 EDT" duration-ms="12" status="PASS">
          <reporter-output>
          </reporter-output>
        </test-method> <!-- addEmployee -->
        <test-method signature="login()[pri:0, instance:testng.TestngExample1@6a2f6f80]" started-at="2020-09-08T14:40:53 EDT" name="login" finished-at="2020-09-08T14:40:53 EDT" duration-ms="2" status="PASS">
          <reporter-output>
          </reporter-output>
        </test-method> <!-- login -->
        <test-method signature="logout()[pri:0, instance:testng.TestngExample1@6a2f6f80]" started-at="2020-09-08T14:40:53 EDT" name="logout" finished-at="2020-09-08T14:40:53 EDT" duration-ms="2" status="PASS">
          <reporter-output>
          </reporter-output>
        </test-method> <!-- logout -->
      </class> <!-- testng.TestngExample1 -->
    </test> <!-- Default test -->
  </suite> <!-- Default suite -->
</testng-results>
